[ 50%] [32mBuilding CXX object CMakeFiles/point_control.dir/src/point_control.cpp.o[0m
[01m[K/home/yahia-raouf/Ar4_Ros_ws/src/ar4_ros_driver/point_control_pkg/src/point_control.cpp:[m[K In function â€˜[01m[Kint[01;32m[K main[m[K(int, char**)[m[Kâ€™:
[01m[K/home/yahia-raouf/Ar4_Ros_ws/src/ar4_ros_driver/point_control_pkg/src/point_control.cpp:115:72:[m[K [01;35m[Kwarning: [m[Kâ€˜[01m[Kdouble moveit::planning_interface::MoveGroupInterface::[01;32m[KcomputeCartesianPath[m[K(const std::vector<geometry_msgs::msg::Pose_<std::allocator<void> > >&, double, double, moveit_msgs::msg::RobotTrajectory&, bool, moveit_msgs::msg::MoveItErrorCodes*)[m[Kâ€™ is deprecated: Drop jump_threshold [[01;35m[K]8;;https://gcc.gnu.org/onlinedocs/gcc/Warning-Options.html#index-Wdeprecated-declarations-Wdeprecated-declarations]8;;[m[K]
  115 |             double fraction = [01;35m[Kmove_group_interface.computeCartesianPath([m[K
      |                               [01;35m[K~~~~~~~~~~~~~~~~~~~~~~~~~~~~~~~~~~~~~~~~~^[m[K
  116 | [01;35m[K                waypoints, eef_step, jump_threshold, trajectory)[m[K;
      |                 [01;35m[K~~~~~~~~~~~~~~~~~~~~~~~~~~~~~~~~~~~~~~~~~~~~~~~~[m[K        
In file included from [01m[K/home/yahia-raouf/Ar4_Ros_ws/src/ar4_ros_driver/point_control_pkg/src/point_control.cpp:9[m[K:
[01m[K/home/yahia-raouf/ws_moveit/install/moveit_ros_planning_interface/include/moveit_ros_planning_interface/moveit/move_group_interface/move_group_interface.hpp:765:3:[m[K [01;36m[Knote: [m[Kdeclared here
  765 |   [01;36m[KcomputeCartesianPath[m[K(const std::vector<geometry_msgs::msg::Pose>& waypoints, double eef_step,
      |   [01;36m[K^~~~~~~~~~~~~~~~~~~~[m[K
[01m[K/home/yahia-raouf/Ar4_Ros_ws/src/ar4_ros_driver/point_control_pkg/src/point_control.cpp:128:22:[m[K [01;31m[Kerror: [m[Kâ€˜[01m[Kusing std::tuple_element<1, const std::pair<bool, moveit::planning_interface::MoveGroupInterface::Plan> >::type = std::__tuple_element_t<1, std::pair<bool, moveit::planning_interface::MoveGroupInterface::Plan> >[m[Kâ€™ has no member named â€˜[01m[Ktrajectory_[m[Kâ€™; did you mean â€˜[01m[Ktrajectory[m[Kâ€™?
  128 |                 plan.[01;31m[Ktrajectory_[m[K = trajectory;
      |                      [01;31m[K^~~~~~~~~~~[m[K
      |                      [32m[Ktrajectory[m[K
gmake[2]: *** [CMakeFiles/point_control.dir/build.make:76: CMakeFiles/point_control.dir/src/point_control.cpp.o] Error 1
gmake[1]: *** [CMakeFiles/Makefile2:137: CMakeFiles/point_control.dir/all] Error 2
gmake: *** [Makefile:146: all] Error 2
